<?xml version="1.0" encoding="UTF-8"?>
<testsuite name="테스트 도구 - Form 데이터 인코더" tests="1" skipped="0" failures="0" errors="0" timestamp="2023-06-26T09:24:34" hostname="chPro" time="0.224">
  <properties/>
  <testcase name="객체를 넣으면, url encoding 된 form body data 형식의 문자열을 돌려준다." classname="com.fastcampus.projectboard.util.FormDataEncoderTest" time="0.224"/>
  <system-out><![CDATA[18:24:33.834 [Test worker] DEBUG org.springframework.test.context.BootstrapUtils - Instantiating CacheAwareContextLoaderDelegate from class [org.springframework.test.context.cache.DefaultCacheAwareContextLoaderDelegate]
18:24:33.839 [Test worker] DEBUG org.springframework.test.context.BootstrapUtils - Instantiating BootstrapContext using constructor [public org.springframework.test.context.support.DefaultBootstrapContext(java.lang.Class,org.springframework.test.context.CacheAwareContextLoaderDelegate)]
18:24:33.855 [Test worker] DEBUG org.springframework.test.context.BootstrapUtils - Instantiating TestContextBootstrapper for test class [com.fastcampus.projectboard.util.FormDataEncoderTest] from class [org.springframework.boot.test.context.SpringBootTestContextBootstrapper]
18:24:33.860 [Test worker] INFO org.springframework.boot.test.context.SpringBootTestContextBootstrapper - Neither @ContextConfiguration nor @ContextHierarchy found for test class [com.fastcampus.projectboard.util.FormDataEncoderTest], using SpringBootContextLoader
18:24:33.861 [Test worker] DEBUG org.springframework.test.context.support.AbstractContextLoader - Did not detect default resource location for test class [com.fastcampus.projectboard.util.FormDataEncoderTest]: class path resource [com/fastcampus/projectboard/util/FormDataEncoderTest-context.xml] does not exist
18:24:33.861 [Test worker] DEBUG org.springframework.test.context.support.AbstractContextLoader - Did not detect default resource location for test class [com.fastcampus.projectboard.util.FormDataEncoderTest]: class path resource [com/fastcampus/projectboard/util/FormDataEncoderTestContext.groovy] does not exist
18:24:33.862 [Test worker] INFO org.springframework.test.context.support.AbstractContextLoader - Could not detect default resource locations for test class [com.fastcampus.projectboard.util.FormDataEncoderTest]: no resource found for suffixes {-context.xml, Context.groovy}.
18:24:33.879 [Test worker] DEBUG org.springframework.test.context.support.ActiveProfilesUtils - Could not find an 'annotation declaring class' for annotation type [org.springframework.test.context.ActiveProfiles] and class [com.fastcampus.projectboard.util.FormDataEncoderTest]
18:24:33.919 [Test worker] DEBUG org.springframework.boot.test.context.SpringBootTestContextBootstrapper - @TestExecutionListeners is not present for class [com.fastcampus.projectboard.util.FormDataEncoderTest]: using defaults.
18:24:33.919 [Test worker] INFO org.springframework.boot.test.context.SpringBootTestContextBootstrapper - Loaded default TestExecutionListener class names from location [META-INF/spring.factories]: [org.springframework.security.test.context.support.WithSecurityContextTestExecutionListener, org.springframework.security.test.context.support.ReactorContextTestExecutionListener, org.springframework.boot.test.autoconfigure.restdocs.RestDocsTestExecutionListener, org.springframework.boot.test.autoconfigure.web.client.MockRestServiceServerResetTestExecutionListener, org.springframework.boot.test.autoconfigure.web.servlet.MockMvcPrintOnlyOnFailureTestExecutionListener, org.springframework.boot.test.autoconfigure.web.servlet.WebDriverTestExecutionListener, org.springframework.boot.test.autoconfigure.webservices.client.MockWebServiceServerTestExecutionListener, org.springframework.boot.test.mock.mockito.MockitoTestExecutionListener, org.springframework.boot.test.mock.mockito.ResetMocksTestExecutionListener, org.springframework.test.context.web.ServletTestExecutionListener, org.springframework.test.context.support.DirtiesContextBeforeModesTestExecutionListener, org.springframework.test.context.event.ApplicationEventsTestExecutionListener, org.springframework.test.context.support.DependencyInjectionTestExecutionListener, org.springframework.test.context.support.DirtiesContextTestExecutionListener, org.springframework.test.context.transaction.TransactionalTestExecutionListener, org.springframework.test.context.jdbc.SqlScriptsTestExecutionListener, org.springframework.test.context.event.EventPublishingTestExecutionListener]
18:24:33.926 [Test worker] INFO org.springframework.boot.test.context.SpringBootTestContextBootstrapper - Using TestExecutionListeners: [org.springframework.test.context.web.ServletTestExecutionListener@ed3068a, org.springframework.test.context.support.DirtiesContextBeforeModesTestExecutionListener@7c2b6087, org.springframework.test.context.event.ApplicationEventsTestExecutionListener@3fffff43, org.springframework.boot.test.mock.mockito.MockitoTestExecutionListener@a8e6492, org.springframework.boot.test.autoconfigure.SpringBootDependencyInjectionTestExecutionListener@1c7fd41f, org.springframework.test.context.support.DirtiesContextTestExecutionListener@3b77a04f, org.springframework.test.context.transaction.TransactionalTestExecutionListener@7b324585, org.springframework.test.context.jdbc.SqlScriptsTestExecutionListener@2e11485, org.springframework.security.test.context.support.WithSecurityContextTestExecutionListener@60dce7ea, org.springframework.test.context.event.EventPublishingTestExecutionListener@662f5666, org.springframework.security.test.context.support.ReactorContextTestExecutionListener@fd8294b, org.springframework.boot.test.autoconfigure.restdocs.RestDocsTestExecutionListener@5974109, org.springframework.boot.test.autoconfigure.web.client.MockRestServiceServerResetTestExecutionListener@27305e6, org.springframework.boot.test.autoconfigure.web.servlet.MockMvcPrintOnlyOnFailureTestExecutionListener@1ef3efa8, org.springframework.boot.test.autoconfigure.web.servlet.WebDriverTestExecutionListener@502f1f4c, org.springframework.boot.test.autoconfigure.webservices.client.MockWebServiceServerTestExecutionListener@6f8f9349, org.springframework.boot.test.mock.mockito.ResetMocksTestExecutionListener@75c9e76b]
18:24:33.927 [Test worker] DEBUG org.springframework.test.context.support.AbstractDirtiesContextTestExecutionListener - Before test class: context [DefaultTestContext@30d4b288 testClass = FormDataEncoderTest, testInstance = [null], testMethod = [null], testException = [null], mergedContextConfiguration = [MergedContextConfiguration@4cc6fa2a testClass = FormDataEncoderTest, locations = '{}', classes = '{class com.fastcampus.projectboard.util.FormDataEncoder, class com.fasterxml.jackson.databind.ObjectMapper}', contextInitializerClasses = '[]', activeProfiles = '{}', propertySourceLocations = '{}', propertySourceProperties = '{org.springframework.boot.test.context.SpringBootTestContextBootstrapper=true, spring.main.web-application-type=none}', contextCustomizers = set[org.springframework.boot.test.autoconfigure.actuate.metrics.MetricsExportContextCustomizerFactory$DisableMetricExportContextCustomizer@a4add54, org.springframework.boot.test.autoconfigure.properties.PropertyMappingContextCustomizer@0, org.springframework.boot.test.autoconfigure.web.servlet.WebDriverContextCustomizerFactory$Customizer@39de3d36, org.springframework.boot.test.context.filter.ExcludeFilterContextCustomizer@58326051, org.springframework.boot.test.json.DuplicateJsonObjectContextCustomizerFactory$DuplicateJsonObjectContextCustomizer@598bd2ba, org.springframework.boot.test.mock.mockito.MockitoContextCustomizer@0, org.springframework.boot.test.web.client.TestRestTemplateContextCustomizer@7331196b, org.springframework.boot.test.context.SpringBootTestArgs@1, org.springframework.boot.test.context.SpringBootTestWebEnvironment@78ffe6dc], contextLoader = 'org.springframework.boot.test.context.SpringBootContextLoader', parent = [null]], attributes = map[[empty]]], class annotated with @DirtiesContext [false] with mode [null].

  .   ____          _            __ _ _
 /\\ / ___'_ __ _ _(_)_ __  __ _ \ \ \ \
( ( )\___ | '_ | '_| | '_ \/ _` | \ \ \ \
 \\/  ___)| |_)| | | | | || (_| |  ) ) ) )
  '  |____| .__|_| |_|_| |_\__, | / / / /
 =========|_|==============|___/=/_/_/_/
 :: Spring Boot ::               (v2.7.11)

2023-06-26 18:24:34.095  INFO 47043 --- [    Test worker] c.f.p.util.FormDataEncoderTest           : Starting FormDataEncoderTest using Java 17.0.7 on chPro with PID 47043 (started by choichangho in /Users/choichangho/Desktop/fastCampus/boardProject/fastcampus-project-board)
2023-06-26 18:24:34.095 DEBUG 47043 --- [    Test worker] c.f.p.util.FormDataEncoderTest           : Running with Spring Boot v2.7.11, Spring v5.3.27
2023-06-26 18:24:34.096  INFO 47043 --- [    Test worker] c.f.p.util.FormDataEncoderTest           : No active profile set, falling back to 1 default profile: "default"
2023-06-26 18:24:34.178  INFO 47043 --- [    Test worker] c.f.p.util.FormDataEncoderTest           : Started FormDataEncoderTest in 0.237 seconds (JVM running for 0.661)
]]></system-out>
  <system-err><![CDATA[]]></system-err>
</testsuite>
